[2023-11-20 17:30:11:320536] INFO  75973 --- [  restartedMain] o.f.proejct.ProejctApplication           : Starting ProejctApplication using Java 17.0.6 with PID 75973 (/Users/chan/Desktop/Kernel360/E2E1-TaskTracker/build/classes/java/main started by chan in /Users/chan/Desktop/Kernel360/E2E1-TaskTracker)
[2023-11-20 17:30:11:320536] INFO  75973 --- [  restartedMain] o.f.proejct.ProejctApplication           : No active profile set, falling back to 1 default profile: "default"
[2023-11-20 17:30:11:320731] INFO  75973 --- [  restartedMain] .s.d.r.c.RepositoryConfigurationDelegate : Multiple Spring Data modules found, entering strict repository configuration mode
[2023-11-20 17:30:11:320731] INFO  75973 --- [  restartedMain] .s.d.r.c.RepositoryConfigurationDelegate : Bootstrapping Spring Data JDBC repositories in DEFAULT mode.
[2023-11-20 17:30:11:320735] INFO  75973 --- [  restartedMain] .RepositoryConfigurationExtensionSupport : Spring Data JDBC - Could not safely identify store assignment for repository candidate interface org.fastcampus.proejct.admin.db.repository.adminRepository; If you want this repository to be a JDBC repository, consider annotating your entities with one of these annotations: org.springframework.data.relational.core.mapping.Table.
[2023-11-20 17:30:11:320738] INFO  75973 --- [  restartedMain] .RepositoryConfigurationExtensionSupport : Spring Data JDBC - Could not safely identify store assignment for repository candidate interface org.fastcampus.proejct.board.db.repository.BoardRepository; If you want this repository to be a JDBC repository, consider annotating your entities with one of these annotations: org.springframework.data.relational.core.mapping.Table.
[2023-11-20 17:30:11:320738] INFO  75973 --- [  restartedMain] .RepositoryConfigurationExtensionSupport : Spring Data JDBC - Could not safely identify store assignment for repository candidate interface org.fastcampus.proejct.board.db.repository.TaskRepository; If you want this repository to be a JDBC repository, consider annotating your entities with one of these annotations: org.springframework.data.relational.core.mapping.Table.
[2023-11-20 17:30:11:320739] INFO  75973 --- [  restartedMain] .RepositoryConfigurationExtensionSupport : Spring Data JDBC - Could not safely identify store assignment for repository candidate interface org.fastcampus.proejct.follow.db.repository.FollowRepository; If you want this repository to be a JDBC repository, consider annotating your entities with one of these annotations: org.springframework.data.relational.core.mapping.Table.
[2023-11-20 17:30:11:320739] INFO  75973 --- [  restartedMain] .RepositoryConfigurationExtensionSupport : Spring Data JDBC - Could not safely identify store assignment for repository candidate interface org.fastcampus.proejct.notification.db.repository.NotificationRepository; If you want this repository to be a JDBC repository, consider annotating your entities with one of these annotations: org.springframework.data.relational.core.mapping.Table.
[2023-11-20 17:30:11:320739] INFO  75973 --- [  restartedMain] .RepositoryConfigurationExtensionSupport : Spring Data JDBC - Could not safely identify store assignment for repository candidate interface org.fastcampus.proejct.user.db.repository.UserInfoRepository; If you want this repository to be a JDBC repository, consider annotating your entities with one of these annotations: org.springframework.data.relational.core.mapping.Table.
[2023-11-20 17:30:11:320739] INFO  75973 --- [  restartedMain] .s.d.r.c.RepositoryConfigurationDelegate : Finished Spring Data repository scanning in 8 ms. Found 0 JDBC repository interfaces.
[2023-11-20 17:30:11:320741] INFO  75973 --- [  restartedMain] .s.d.r.c.RepositoryConfigurationDelegate : Multiple Spring Data modules found, entering strict repository configuration mode
[2023-11-20 17:30:11:320741] INFO  75973 --- [  restartedMain] .s.d.r.c.RepositoryConfigurationDelegate : Bootstrapping Spring Data JPA repositories in DEFAULT mode.
[2023-11-20 17:30:11:320760] INFO  75973 --- [  restartedMain] .s.d.r.c.RepositoryConfigurationDelegate : Finished Spring Data repository scanning in 18 ms. Found 6 JPA repository interfaces.
[2023-11-20 17:30:11:320768] INFO  75973 --- [  restartedMain] .s.d.r.c.RepositoryConfigurationDelegate : Multiple Spring Data modules found, entering strict repository configuration mode
[2023-11-20 17:30:11:320768] INFO  75973 --- [  restartedMain] .s.d.r.c.RepositoryConfigurationDelegate : Bootstrapping Spring Data Redis repositories in DEFAULT mode.
[2023-11-20 17:30:11:320779] INFO  75973 --- [  restartedMain] .RepositoryConfigurationExtensionSupport : Spring Data Redis - Could not safely identify store assignment for repository candidate interface org.fastcampus.proejct.admin.db.repository.adminRepository; If you want this repository to be a Redis repository, consider annotating your entities with one of these annotations: org.springframework.data.redis.core.RedisHash (preferred), or consider extending one of the following types with your repository: org.springframework.data.keyvalue.repository.KeyValueRepository
[2023-11-20 17:30:11:320779] INFO  75973 --- [  restartedMain] .RepositoryConfigurationExtensionSupport : Spring Data Redis - Could not safely identify store assignment for repository candidate interface org.fastcampus.proejct.board.db.repository.BoardRepository; If you want this repository to be a Redis repository, consider annotating your entities with one of these annotations: org.springframework.data.redis.core.RedisHash (preferred), or consider extending one of the following types with your repository: org.springframework.data.keyvalue.repository.KeyValueRepository
[2023-11-20 17:30:11:320779] INFO  75973 --- [  restartedMain] .RepositoryConfigurationExtensionSupport : Spring Data Redis - Could not safely identify store assignment for repository candidate interface org.fastcampus.proejct.board.db.repository.TaskRepository; If you want this repository to be a Redis repository, consider annotating your entities with one of these annotations: org.springframework.data.redis.core.RedisHash (preferred), or consider extending one of the following types with your repository: org.springframework.data.keyvalue.repository.KeyValueRepository
[2023-11-20 17:30:11:320779] INFO  75973 --- [  restartedMain] .RepositoryConfigurationExtensionSupport : Spring Data Redis - Could not safely identify store assignment for repository candidate interface org.fastcampus.proejct.follow.db.repository.FollowRepository; If you want this repository to be a Redis repository, consider annotating your entities with one of these annotations: org.springframework.data.redis.core.RedisHash (preferred), or consider extending one of the following types with your repository: org.springframework.data.keyvalue.repository.KeyValueRepository
[2023-11-20 17:30:11:320779] INFO  75973 --- [  restartedMain] .RepositoryConfigurationExtensionSupport : Spring Data Redis - Could not safely identify store assignment for repository candidate interface org.fastcampus.proejct.notification.db.repository.NotificationRepository; If you want this repository to be a Redis repository, consider annotating your entities with one of these annotations: org.springframework.data.redis.core.RedisHash (preferred), or consider extending one of the following types with your repository: org.springframework.data.keyvalue.repository.KeyValueRepository
[2023-11-20 17:30:11:320779] INFO  75973 --- [  restartedMain] .RepositoryConfigurationExtensionSupport : Spring Data Redis - Could not safely identify store assignment for repository candidate interface org.fastcampus.proejct.user.db.repository.UserInfoRepository; If you want this repository to be a Redis repository, consider annotating your entities with one of these annotations: org.springframework.data.redis.core.RedisHash (preferred), or consider extending one of the following types with your repository: org.springframework.data.keyvalue.repository.KeyValueRepository
[2023-11-20 17:30:11:320779] INFO  75973 --- [  restartedMain] .s.d.r.c.RepositoryConfigurationDelegate : Finished Spring Data repository scanning in 10 ms. Found 0 Redis repository interfaces.
[2023-11-20 17:30:11:320918] INFO  75973 --- [  restartedMain] o.s.b.w.e.tomcat.TomcatWebServer         : Tomcat initialized with port(s): 8085 (http)
[2023-11-20 17:30:11:320919] INFO  75973 --- [  restartedMain] o.a.catalina.core.StandardService        : Starting service [Tomcat]
[2023-11-20 17:30:11:320919] INFO  75973 --- [  restartedMain] o.a.catalina.core.StandardEngine         : Starting Servlet engine: [Apache Tomcat/10.1.15]
[2023-11-20 17:30:11:320930] INFO  75973 --- [  restartedMain] o.a.c.c.C.[Tomcat].[localhost].[/]       : Initializing Spring embedded WebApplicationContext
[2023-11-20 17:30:11:320930] INFO  75973 --- [  restartedMain] w.s.c.ServletWebServerApplicationContext : Root WebApplicationContext: initialization completed in 393 ms
[2023-11-20 17:30:11:320938] INFO  75973 --- [  restartedMain] com.zaxxer.hikari.HikariDataSource       : HikariPool-3 - Starting...
[2023-11-20 17:30:12:321039] INFO  75973 --- [  restartedMain] com.zaxxer.hikari.pool.HikariPool        : HikariPool-3 - Added connection com.mysql.cj.jdbc.ConnectionImpl@55e85276
[2023-11-20 17:30:12:321039] INFO  75973 --- [  restartedMain] com.zaxxer.hikari.HikariDataSource       : HikariPool-3 - Start completed.
[2023-11-20 17:30:12:321040] INFO  75973 --- [  restartedMain] o.s.b.a.h.H2ConsoleAutoConfiguration     : H2 console available at '/h2-console'. Database available at 'jdbc:mysql://54.180.69.94/test_test'
[2023-11-20 17:30:12:321074] INFO  75973 --- [  restartedMain] o.h.jpa.internal.util.LogHelper          : HHH000204: Processing PersistenceUnitInfo [name: default]
[2023-11-20 17:30:12:321094] INFO  75973 --- [  restartedMain] SQL dialect                              : HHH000400: Using dialect: org.hibernate.dialect.MySQLDialect
[2023-11-20 17:30:12:321393] INFO  75973 --- [  restartedMain] o.h.e.t.j.p.i.JtaPlatformInitiator       : HHH000490: Using JtaPlatform implementation: [org.hibernate.engine.transaction.jta.platform.internal.NoJtaPlatform]
[2023-11-20 17:30:12:321393] INFO  75973 --- [  restartedMain] j.LocalContainerEntityManagerFactoryBean : Initialized JPA EntityManagerFactory for persistence unit 'default'
[2023-11-20 17:30:12:321619] INFO  75973 --- [  restartedMain] o.s.s.web.DefaultSecurityFilterChain     : Will secure any request with [org.springframework.security.web.session.DisableEncodeUrlFilter@5cbf1791, org.springframework.security.web.context.request.async.WebAsyncManagerIntegrationFilter@1064f2a7, org.springframework.security.web.context.SecurityContextHolderFilter@523041bb, org.springframework.security.web.header.HeaderWriterFilter@336de995, org.springframework.security.web.authentication.logout.LogoutFilter@1e1db179, org.springframework.security.oauth2.client.web.OAuth2AuthorizationRequestRedirectFilter@682d1354, org.springframework.security.oauth2.client.web.OAuth2LoginAuthenticationFilter@387305ad, org.springframework.security.web.authentication.UsernamePasswordAuthenticationFilter@159b9d8, org.springframework.security.web.authentication.ui.DefaultLoginPageGeneratingFilter@74ded2b1, org.springframework.security.web.authentication.ui.DefaultLogoutPageGeneratingFilter@10d3f44c, org.springframework.security.web.savedrequest.RequestCacheAwareFilter@2715132c, org.springframework.security.web.servletapi.SecurityContextHolderAwareRequestFilter@2823b761, org.springframework.security.web.authentication.AnonymousAuthenticationFilter@30adc596, org.springframework.security.web.access.ExceptionTranslationFilter@2e7439a6, org.springframework.security.web.access.intercept.AuthorizationFilter@6280d51f]
[2023-11-20 17:30:12:321646] INFO  75973 --- [  restartedMain] o.s.b.a.w.s.WelcomePageHandlerMapping    : Adding welcome page template: index
[2023-11-20 17:30:12:321755] INFO  75973 --- [  restartedMain] o.s.b.d.a.OptionalLiveReloadServer       : LiveReload server is running on port 35729
[2023-11-20 17:30:12:321765] INFO  75973 --- [  restartedMain] o.s.b.w.e.tomcat.TomcatWebServer         : Tomcat started on port(s): 8085 (http) with context path ''
[2023-11-20 17:30:12:321768] INFO  75973 --- [  restartedMain] o.f.proejct.ProejctApplication           : Started ProejctApplication in 1.275 seconds (process running for 321.962)
[2023-11-20 17:30:12:321769] INFO  75973 --- [  restartedMain] .ConditionEvaluationDeltaLoggingListener : Condition evaluation unchanged
[2023-11-20 17:31:20:389876] INFO  75973 --- [ionShutdownHook] j.LocalContainerEntityManagerFactoryBean : Closing JPA EntityManagerFactory for persistence unit 'default'
[2023-11-20 17:31:20:389876] INFO  75973 --- [ionShutdownHook] com.zaxxer.hikari.HikariDataSource       : HikariPool-3 - Shutdown initiated...
[2023-11-20 17:31:20:389948] INFO  75973 --- [ionShutdownHook] com.zaxxer.hikari.HikariDataSource       : HikariPool-3 - Shutdown completed.
[2023-11-20 17:31:22:334] INFO  77824 --- [  restartedMain] o.f.proejct.ProejctApplication           : Starting ProejctApplication using Java 17.0.6 with PID 77824 (/Users/chan/Desktop/Kernel360/E2E1-TaskTracker/build/classes/java/main started by chan in /Users/chan/Desktop/Kernel360/E2E1-TaskTracker)
[2023-11-20 17:31:22:335] INFO  77824 --- [  restartedMain] o.f.proejct.ProejctApplication           : No active profile set, falling back to 1 default profile: "default"
[2023-11-20 17:31:22:357] INFO  77824 --- [  restartedMain] .e.DevToolsPropertyDefaultsPostProcessor : Devtools property defaults active! Set 'spring.devtools.add-properties' to 'false' to disable
[2023-11-20 17:31:22:357] INFO  77824 --- [  restartedMain] .e.DevToolsPropertyDefaultsPostProcessor : For additional web related logging consider setting the 'logging.level.web' property to 'DEBUG'
[2023-11-20 17:31:23:791] INFO  77824 --- [  restartedMain] .s.d.r.c.RepositoryConfigurationDelegate : Multiple Spring Data modules found, entering strict repository configuration mode
[2023-11-20 17:31:23:792] INFO  77824 --- [  restartedMain] .s.d.r.c.RepositoryConfigurationDelegate : Bootstrapping Spring Data JDBC repositories in DEFAULT mode.
[2023-11-20 17:31:23:809] INFO  77824 --- [  restartedMain] .RepositoryConfigurationExtensionSupport : Spring Data JDBC - Could not safely identify store assignment for repository candidate interface org.fastcampus.proejct.admin.db.repository.adminRepository; If you want this repository to be a JDBC repository, consider annotating your entities with one of these annotations: org.springframework.data.relational.core.mapping.Table.
[2023-11-20 17:31:23:810] INFO  77824 --- [  restartedMain] .RepositoryConfigurationExtensionSupport : Spring Data JDBC - Could not safely identify store assignment for repository candidate interface org.fastcampus.proejct.board.db.repository.BoardRepository; If you want this repository to be a JDBC repository, consider annotating your entities with one of these annotations: org.springframework.data.relational.core.mapping.Table.
[2023-11-20 17:31:23:810] INFO  77824 --- [  restartedMain] .RepositoryConfigurationExtensionSupport : Spring Data JDBC - Could not safely identify store assignment for repository candidate interface org.fastcampus.proejct.board.db.repository.TaskRepository; If you want this repository to be a JDBC repository, consider annotating your entities with one of these annotations: org.springframework.data.relational.core.mapping.Table.
[2023-11-20 17:31:23:810] INFO  77824 --- [  restartedMain] .RepositoryConfigurationExtensionSupport : Spring Data JDBC - Could not safely identify store assignment for repository candidate interface org.fastcampus.proejct.follow.db.repository.FollowRepository; If you want this repository to be a JDBC repository, consider annotating your entities with one of these annotations: org.springframework.data.relational.core.mapping.Table.
[2023-11-20 17:31:23:811] INFO  77824 --- [  restartedMain] .RepositoryConfigurationExtensionSupport : Spring Data JDBC - Could not safely identify store assignment for repository candidate interface org.fastcampus.proejct.notification.db.repository.NotificationRepository; If you want this repository to be a JDBC repository, consider annotating your entities with one of these annotations: org.springframework.data.relational.core.mapping.Table.
[2023-11-20 17:31:23:811] INFO  77824 --- [  restartedMain] .RepositoryConfigurationExtensionSupport : Spring Data JDBC - Could not safely identify store assignment for repository candidate interface org.fastcampus.proejct.user.db.repository.UserInfoRepository; If you want this repository to be a JDBC repository, consider annotating your entities with one of these annotations: org.springframework.data.relational.core.mapping.Table.
[2023-11-20 17:31:23:811] INFO  77824 --- [  restartedMain] .s.d.r.c.RepositoryConfigurationDelegate : Finished Spring Data repository scanning in 17 ms. Found 0 JDBC repository interfaces.
[2023-11-20 17:31:23:815] INFO  77824 --- [  restartedMain] .s.d.r.c.RepositoryConfigurationDelegate : Multiple Spring Data modules found, entering strict repository configuration mode
[2023-11-20 17:31:23:816] INFO  77824 --- [  restartedMain] .s.d.r.c.RepositoryConfigurationDelegate : Bootstrapping Spring Data JPA repositories in DEFAULT mode.
[2023-11-20 17:31:23:876] INFO  77824 --- [  restartedMain] .s.d.r.c.RepositoryConfigurationDelegate : Finished Spring Data repository scanning in 59 ms. Found 6 JPA repository interfaces.
[2023-11-20 17:31:23:883] INFO  77824 --- [  restartedMain] .s.d.r.c.RepositoryConfigurationDelegate : Multiple Spring Data modules found, entering strict repository configuration mode
[2023-11-20 17:31:23:883] INFO  77824 --- [  restartedMain] .s.d.r.c.RepositoryConfigurationDelegate : Bootstrapping Spring Data Redis repositories in DEFAULT mode.
[2023-11-20 17:31:23:889] INFO  77824 --- [  restartedMain] .RepositoryConfigurationExtensionSupport : Spring Data Redis - Could not safely identify store assignment for repository candidate interface org.fastcampus.proejct.admin.db.repository.adminRepository; If you want this repository to be a Redis repository, consider annotating your entities with one of these annotations: org.springframework.data.redis.core.RedisHash (preferred), or consider extending one of the following types with your repository: org.springframework.data.keyvalue.repository.KeyValueRepository
[2023-11-20 17:31:23:889] INFO  77824 --- [  restartedMain] .RepositoryConfigurationExtensionSupport : Spring Data Redis - Could not safely identify store assignment for repository candidate interface org.fastcampus.proejct.board.db.repository.BoardRepository; If you want this repository to be a Redis repository, consider annotating your entities with one of these annotations: org.springframework.data.redis.core.RedisHash (preferred), or consider extending one of the following types with your repository: org.springframework.data.keyvalue.repository.KeyValueRepository
[2023-11-20 17:31:23:889] INFO  77824 --- [  restartedMain] .RepositoryConfigurationExtensionSupport : Spring Data Redis - Could not safely identify store assignment for repository candidate interface org.fastcampus.proejct.board.db.repository.TaskRepository; If you want this repository to be a Redis repository, consider annotating your entities with one of these annotations: org.springframework.data.redis.core.RedisHash (preferred), or consider extending one of the following types with your repository: org.springframework.data.keyvalue.repository.KeyValueRepository
[2023-11-20 17:31:23:890] INFO  77824 --- [  restartedMain] .RepositoryConfigurationExtensionSupport : Spring Data Redis - Could not safely identify store assignment for repository candidate interface org.fastcampus.proejct.follow.db.repository.FollowRepository; If you want this repository to be a Redis repository, consider annotating your entities with one of these annotations: org.springframework.data.redis.core.RedisHash (preferred), or consider extending one of the following types with your repository: org.springframework.data.keyvalue.repository.KeyValueRepository
[2023-11-20 17:31:23:890] INFO  77824 --- [  restartedMain] .RepositoryConfigurationExtensionSupport : Spring Data Redis - Could not safely identify store assignment for repository candidate interface org.fastcampus.proejct.notification.db.repository.NotificationRepository; If you want this repository to be a Redis repository, consider annotating your entities with one of these annotations: org.springframework.data.redis.core.RedisHash (preferred), or consider extending one of the following types with your repository: org.springframework.data.keyvalue.repository.KeyValueRepository
[2023-11-20 17:31:23:890] INFO  77824 --- [  restartedMain] .RepositoryConfigurationExtensionSupport : Spring Data Redis - Could not safely identify store assignment for repository candidate interface org.fastcampus.proejct.user.db.repository.UserInfoRepository; If you want this repository to be a Redis repository, consider annotating your entities with one of these annotations: org.springframework.data.redis.core.RedisHash (preferred), or consider extending one of the following types with your repository: org.springframework.data.keyvalue.repository.KeyValueRepository
[2023-11-20 17:31:23:890] INFO  77824 --- [  restartedMain] .s.d.r.c.RepositoryConfigurationDelegate : Finished Spring Data repository scanning in 3 ms. Found 0 Redis repository interfaces.
[2023-11-20 17:31:23:1210] INFO  77824 --- [  restartedMain] o.s.b.w.e.tomcat.TomcatWebServer         : Tomcat initialized with port(s): 8085 (http)
[2023-11-20 17:31:23:1215] INFO  77824 --- [  restartedMain] o.a.catalina.core.StandardService        : Starting service [Tomcat]
[2023-11-20 17:31:23:1215] INFO  77824 --- [  restartedMain] o.a.catalina.core.StandardEngine         : Starting Servlet engine: [Apache Tomcat/10.1.15]
[2023-11-20 17:31:23:1241] INFO  77824 --- [  restartedMain] o.a.c.c.C.[Tomcat].[localhost].[/]       : Initializing Spring embedded WebApplicationContext
[2023-11-20 17:31:23:1241] INFO  77824 --- [  restartedMain] w.s.c.ServletWebServerApplicationContext : Root WebApplicationContext: initialization completed in 883 ms
[2023-11-20 17:31:23:1255] INFO  77824 --- [  restartedMain] com.zaxxer.hikari.HikariDataSource       : HikariPool-1 - Starting...
[2023-11-20 17:31:23:1478] INFO  77824 --- [  restartedMain] com.zaxxer.hikari.pool.HikariPool        : HikariPool-1 - Added connection com.mysql.cj.jdbc.ConnectionImpl@41b2fc43
[2023-11-20 17:31:23:1479] INFO  77824 --- [  restartedMain] com.zaxxer.hikari.HikariDataSource       : HikariPool-1 - Start completed.
[2023-11-20 17:31:23:1484] INFO  77824 --- [  restartedMain] o.s.b.a.h.H2ConsoleAutoConfiguration     : H2 console available at '/h2-console'. Database available at 'jdbc:mysql://54.180.69.94/test_test'
[2023-11-20 17:31:23:1552] INFO  77824 --- [  restartedMain] o.h.jpa.internal.util.LogHelper          : HHH000204: Processing PersistenceUnitInfo [name: default]
[2023-11-20 17:31:23:1571] INFO  77824 --- [  restartedMain] org.hibernate.Version                    : HHH000412: Hibernate ORM core version 6.1.7.Final
[2023-11-20 17:31:24:1745] INFO  77824 --- [  restartedMain] SQL dialect                              : HHH000400: Using dialect: org.hibernate.dialect.MySQLDialect
[2023-11-20 17:31:24:2319] INFO  77824 --- [  restartedMain] o.h.e.t.j.p.i.JtaPlatformInitiator       : HHH000490: Using JtaPlatform implementation: [org.hibernate.engine.transaction.jta.platform.internal.NoJtaPlatform]
[2023-11-20 17:31:24:2324] INFO  77824 --- [  restartedMain] j.LocalContainerEntityManagerFactoryBean : Initialized JPA EntityManagerFactory for persistence unit 'default'
[2023-11-20 17:31:25:2856] INFO  77824 --- [  restartedMain] o.s.s.web.DefaultSecurityFilterChain     : Will secure any request with [org.springframework.security.web.session.DisableEncodeUrlFilter@471ef6af, org.springframework.security.web.context.request.async.WebAsyncManagerIntegrationFilter@ae6cc2f, org.springframework.security.web.context.SecurityContextHolderFilter@1c6f8635, org.springframework.security.web.header.HeaderWriterFilter@525670f9, org.springframework.security.web.authentication.logout.LogoutFilter@3de0eda4, org.springframework.security.oauth2.client.web.OAuth2AuthorizationRequestRedirectFilter@14159328, org.springframework.security.oauth2.client.web.OAuth2LoginAuthenticationFilter@3c0e2764, org.springframework.security.web.authentication.UsernamePasswordAuthenticationFilter@3494926a, org.springframework.security.web.authentication.ui.DefaultLoginPageGeneratingFilter@2241728e, org.springframework.security.web.authentication.ui.DefaultLogoutPageGeneratingFilter@efe732, org.springframework.security.web.savedrequest.RequestCacheAwareFilter@52a34f6, org.springframework.security.web.servletapi.SecurityContextHolderAwareRequestFilter@79900197, org.springframework.security.web.authentication.AnonymousAuthenticationFilter@2a5ad620, org.springframework.security.web.access.ExceptionTranslationFilter@6428cb14, org.springframework.security.web.access.intercept.AuthorizationFilter@6f4bcf84]
[2023-11-20 17:31:25:2917] INFO  77824 --- [  restartedMain] o.s.b.a.w.s.WelcomePageHandlerMapping    : Adding welcome page template: index
[2023-11-20 17:31:25:3691] INFO  77824 --- [  restartedMain] o.s.b.d.a.OptionalLiveReloadServer       : LiveReload server is running on port 35729
[2023-11-20 17:31:25:3709] INFO  77824 --- [  restartedMain] o.s.b.w.e.tomcat.TomcatWebServer         : Tomcat started on port(s): 8085 (http) with context path ''
[2023-11-20 17:31:25:3717] INFO  77824 --- [  restartedMain] o.f.proejct.ProejctApplication           : Started ProejctApplication in 3.624 seconds (process running for 3.934)
[2023-11-20 17:31:27:5434] INFO  77824 --- [nio-8085-exec-1] o.a.c.c.C.[Tomcat].[localhost].[/]       : Initializing Spring DispatcherServlet 'dispatcherServlet'
[2023-11-20 17:31:27:5434] INFO  77824 --- [nio-8085-exec-1] o.s.web.servlet.DispatcherServlet        : Initializing Servlet 'dispatcherServlet'
[2023-11-20 17:31:27:5436] INFO  77824 --- [nio-8085-exec-1] o.s.web.servlet.DispatcherServlet        : Completed initialization in 1 ms
[2023-11-20 17:31:27:5453] INFO  77824 --- [nio-8085-exec-1] o.f.proejct.base.controller.Redirect     : Redirect : [ROLE_ADMIN, ROLE_USER]
[2023-11-20 17:31:27:5560] INFO  77824 --- [nio-8085-exec-2] o.f.p.n.d.r.EmitterRepository            : Saved SseEmitter for 2
[2023-11-20 17:31:27:5663] WARN  77824 --- [nio-8085-exec-2] actStandardFragmentInsertionTagProcessor : [THYMELEAF][http-nio-8085-exec-2][/index] Deprecated unwrapped fragment expression "header :: includedContent" found in template /index, line 4, col 11. Please use the complete syntax of fragment expressions instead ("~{header :: includedContent}"). The old, unwrapped syntax for fragment expressions will be removed in future versions of Thymeleaf.
[2023-11-20 17:31:27:5678] WARN  77824 --- [nio-8085-exec-2] actStandardFragmentInsertionTagProcessor : [THYMELEAF][http-nio-8085-exec-2][/index] Deprecated unwrapped fragment expression "left :: includedContent" found in template /index, line 13, col 14. Please use the complete syntax of fragment expressions instead ("~{left :: includedContent}"). The old, unwrapped syntax for fragment expressions will be removed in future versions of Thymeleaf.
[2023-11-20 17:31:28:5732] WARN  77824 --- [nio-8085-exec-2] actStandardFragmentInsertionTagProcessor : [THYMELEAF][http-nio-8085-exec-2][/index] Deprecated unwrapped fragment expression "top :: includedContent" found in template /index, line 22, col 18. Please use the complete syntax of fragment expressions instead ("~{top :: includedContent}"). The old, unwrapped syntax for fragment expressions will be removed in future versions of Thymeleaf.
[2023-11-20 17:31:32:10656] INFO  77824 --- [nio-8085-exec-4] o.f.p.b.controller.BoardController       : info message
[2023-11-20 17:31:32:10656] WARN  77824 --- [nio-8085-exec-4] o.f.p.b.controller.BoardController       : warn message
[2023-11-20 17:31:32:10656] ERROR 77824 --- [nio-8085-exec-4] o.f.p.b.controller.BoardController       : error message
[2023-11-20 17:31:32:10682] INFO  77824 --- [nio-8085-exec-4] o.f.p.board.service.BoardService         : board service sorted : SORT_DEFAULT
[2023-11-20 17:31:33:10818] INFO  77824 --- [nio-8085-exec-4] o.f.p.n.d.r.EmitterRepository            : Saved SseEmitter for 2
[2023-11-20 17:31:33:10893] INFO  77824 --- [nio-8085-exec-4] o.f.p.b.controller.BoardController       : getBoardsView - reading board list...
[2023-11-20 17:31:33:10897] WARN  77824 --- [nio-8085-exec-4] actStandardFragmentInsertionTagProcessor : [THYMELEAF][http-nio-8085-exec-4][tables] Deprecated unwrapped fragment expression "header :: includedContent" found in template tables, line 4, col 11. Please use the complete syntax of fragment expressions instead ("~{header :: includedContent}"). The old, unwrapped syntax for fragment expressions will be removed in future versions of Thymeleaf.
[2023-11-20 17:31:33:10906] WARN  77824 --- [nio-8085-exec-4] actStandardFragmentInsertionTagProcessor : [THYMELEAF][http-nio-8085-exec-4][tables] Deprecated unwrapped fragment expression "left :: includedContent" found in template tables, line 13, col 14. Please use the complete syntax of fragment expressions instead ("~{left :: includedContent}"). The old, unwrapped syntax for fragment expressions will be removed in future versions of Thymeleaf.
[2023-11-20 17:31:33:10909] WARN  77824 --- [nio-8085-exec-4] actStandardFragmentInsertionTagProcessor : [THYMELEAF][http-nio-8085-exec-4][tables] Deprecated unwrapped fragment expression "top :: includedContent" found in template tables, line 21, col 18. Please use the complete syntax of fragment expressions instead ("~{top :: includedContent}"). The old, unwrapped syntax for fragment expressions will be removed in future versions of Thymeleaf.
[2023-11-20 17:31:33:10960] INFO  77824 --- [nio-8085-exec-9] o.f.p.n.d.r.EmitterRepository            : Saved SseEmitter for 2
[2023-11-20 17:32:47:84792] INFO  77824 --- [io-8085-exec-10] o.f.p.b.controller.BoardController       : info message
[2023-11-20 17:32:47:84793] WARN  77824 --- [io-8085-exec-10] o.f.p.b.controller.BoardController       : warn message
[2023-11-20 17:32:47:84793] ERROR 77824 --- [io-8085-exec-10] o.f.p.b.controller.BoardController       : error message
[2023-11-20 17:32:47:84820] INFO  77824 --- [io-8085-exec-10] o.f.p.board.service.BoardService         : board service sorted : SORT_DEFAULT
[2023-11-20 17:32:47:84913] INFO  77824 --- [io-8085-exec-10] o.f.p.n.d.r.EmitterRepository            : Saved SseEmitter for 2
[2023-11-20 17:32:47:84988] INFO  77824 --- [io-8085-exec-10] o.f.p.b.controller.BoardController       : getBoardsView - reading board list...
[2023-11-20 17:32:47:84993] WARN  77824 --- [io-8085-exec-10] actStandardFragmentInsertionTagProcessor : [THYMELEAF][http-nio-8085-exec-10][tables] Deprecated unwrapped fragment expression "header :: includedContent" found in template tables, line 4, col 11. Please use the complete syntax of fragment expressions instead ("~{header :: includedContent}"). The old, unwrapped syntax for fragment expressions will be removed in future versions of Thymeleaf.
[2023-11-20 17:32:47:84998] WARN  77824 --- [io-8085-exec-10] actStandardFragmentInsertionTagProcessor : [THYMELEAF][http-nio-8085-exec-10][tables] Deprecated unwrapped fragment expression "left :: includedContent" found in template tables, line 13, col 14. Please use the complete syntax of fragment expressions instead ("~{left :: includedContent}"). The old, unwrapped syntax for fragment expressions will be removed in future versions of Thymeleaf.
[2023-11-20 17:32:47:85000] WARN  77824 --- [io-8085-exec-10] actStandardFragmentInsertionTagProcessor : [THYMELEAF][http-nio-8085-exec-10][tables] Deprecated unwrapped fragment expression "top :: includedContent" found in template tables, line 21, col 18. Please use the complete syntax of fragment expressions instead ("~{top :: includedContent}"). The old, unwrapped syntax for fragment expressions will be removed in future versions of Thymeleaf.
[2023-11-20 17:32:47:85064] INFO  77824 --- [io-8085-exec-10] o.f.p.n.d.r.EmitterRepository            : Saved SseEmitter for 2
[2023-11-20 17:33:04:102505] INFO  77824 --- [   File Watcher] rtingClassPathChangeChangedEventListener : Restarting due to 3745 class path changes (0 additions, 0 deletions, 3745 modifications)
[2023-11-20 17:33:04:102509] INFO  77824 --- [       Thread-5] o.a.catalina.core.StandardService        : Stopping service [Tomcat]
[2023-11-20 17:33:06:104532] INFO  77824 --- [       Thread-5] o.a.c.c.C.[Tomcat].[localhost].[/]       : Destroying Spring FrameworkServlet 'dispatcherServlet'
[2023-11-20 17:33:06:104544] INFO  77824 --- [nio-8085-exec-2] o.f.p.n.d.r.EmitterRepository            : Deleted SseEmitter for 2
[2023-11-20 17:33:11:109551] WARN  77824 --- [       Thread-5] o.apache.tomcat.util.net.NioEndpoint     : The executor associated with thread pool [http-nio-8085] has not fully shutdown. Some application threads may still be running.
[2023-11-20 17:33:11:109553] ERROR 77824 --- [nio-8085-exec-2] o.a.c.c.C.[Tomcat].[localhost].[/]       : Error during mapping
java.lang.NullPointerException: Cannot read field "path" because "contextVersion" is null
	at org.apache.catalina.mapper.Mapper.internalMapWrapper(Mapper.java:827)
	at org.apache.catalina.mapper.Mapper.map(Mapper.java:685)
	at org.apache.catalina.core.ApplicationContext.getRequestDispatcher(ApplicationContext.java:436)
	at org.apache.catalina.core.ApplicationContextFacade.getRequestDispatcher(ApplicationContextFacade.java:215)
	at org.apache.catalina.core.AsyncContextImpl.dispatch(AsyncContextImpl.java:195)
	at org.apache.catalina.core.AsyncContextImpl.dispatch(AsyncContextImpl.java:175)
	at org.apache.catalina.core.AsyncContextImpl.dispatch(AsyncContextImpl.java:169)
	at org.springframework.security.web.servletapi.HttpServlet3RequestFactory$SecurityContextAsyncContext.dispatch(HttpServlet3RequestFactory.java:316)
	at org.springframework.web.context.request.async.StandardServletAsyncWebRequest.dispatch(StandardServletAsyncWebRequest.java:135)
	at org.springframework.web.context.request.async.WebAsyncManager.setConcurrentResultAndDispatch(WebAsyncManager.java:405)
	at org.springframework.web.context.request.async.WebAsyncManager.lambda$startDeferredResultProcessing$8(WebAsyncManager.java:473)
	at org.springframework.web.context.request.async.DeferredResult.setResultInternal(DeferredResult.java:272)
	at org.springframework.web.context.request.async.DeferredResult.setErrorResult(DeferredResult.java:287)
	at org.springframework.web.context.request.async.TimeoutDeferredResultProcessingInterceptor.handleTimeout(TimeoutDeferredResultProcessingInterceptor.java:42)
	at org.springframework.web.context.request.async.DeferredResultInterceptorChain.triggerAfterTimeout(DeferredResultInterceptorChain.java:81)
	at org.springframework.web.context.request.async.WebAsyncManager.lambda$startDeferredResultProcessing$5(WebAsyncManager.java:442)
	at java.base/java.util.ArrayList.forEach(ArrayList.java:1511)
	at org.springframework.web.context.request.async.StandardServletAsyncWebRequest.onTimeout(StandardServletAsyncWebRequest.java:154)
	at org.apache.catalina.core.AsyncListenerWrapper.fireOnTimeout(AsyncListenerWrapper.java:44)
	at org.apache.catalina.core.AsyncContextImpl.timeout(AsyncContextImpl.java:135)
	at org.apache.catalina.connector.CoyoteAdapter.asyncDispatch(CoyoteAdapter.java:135)
	at org.apache.coyote.AbstractProcessor.dispatch(AbstractProcessor.java:243)
	at org.apache.coyote.AbstractProcessorLight.process(AbstractProcessorLight.java:57)
	at org.apache.coyote.AbstractProtocol$ConnectionHandler.process(AbstractProtocol.java:896)
	at org.apache.tomcat.util.net.NioEndpoint$SocketProcessor.doRun(NioEndpoint.java:1744)
	at org.apache.tomcat.util.net.SocketProcessorBase.run(SocketProcessorBase.java:52)
	at org.apache.tomcat.util.threads.ThreadPoolExecutor.runWorker(ThreadPoolExecutor.java:1191)
	at org.apache.tomcat.util.threads.ThreadPoolExecutor$Worker.run(ThreadPoolExecutor.java:659)
	at org.apache.tomcat.util.threads.TaskThread$WrappingRunnable.run(TaskThread.java:61)
	at java.base/java.lang.Thread.run(Thread.java:833)
[2023-11-20 17:33:11:109578] INFO  77824 --- [       Thread-5] j.LocalContainerEntityManagerFactoryBean : Closing JPA EntityManagerFactory for persistence unit 'default'
[2023-11-20 17:33:11:109580] INFO  77824 --- [       Thread-5] com.zaxxer.hikari.HikariDataSource       : HikariPool-1 - Shutdown initiated...
[2023-11-20 17:33:11:109665] INFO  77824 --- [       Thread-5] com.zaxxer.hikari.HikariDataSource       : HikariPool-1 - Shutdown completed.
[2023-11-20 17:33:11:109719] INFO  77824 --- [  restartedMain] o.s.b.d.r.RestartApplicationListener     : Restart enabled irrespective of application packaging due to System property 'spring.devtools.restart.enabled' being set to true
[2023-11-20 17:33:12:109738] INFO  77824 --- [  restartedMain] o.f.proejct.ProejctApplication           : Starting ProejctApplication using Java 17.0.6 with PID 77824 (/Users/chan/Desktop/Kernel360/E2E1-TaskTracker/build/classes/java/main started by chan in /Users/chan/Desktop/Kernel360/E2E1-TaskTracker)
[2023-11-20 17:33:12:109738] INFO  77824 --- [  restartedMain] o.f.proejct.ProejctApplication           : No active profile set, falling back to 1 default profile: "default"
[2023-11-20 17:33:12:109929] INFO  77824 --- [  restartedMain] .s.d.r.c.RepositoryConfigurationDelegate : Multiple Spring Data modules found, entering strict repository configuration mode
[2023-11-20 17:33:12:109929] INFO  77824 --- [  restartedMain] .s.d.r.c.RepositoryConfigurationDelegate : Bootstrapping Spring Data JDBC repositories in DEFAULT mode.
[2023-11-20 17:33:12:109934] INFO  77824 --- [  restartedMain] .RepositoryConfigurationExtensionSupport : Spring Data JDBC - Could not safely identify store assignment for repository candidate interface org.fastcampus.proejct.admin.db.repository.adminRepository; If you want this repository to be a JDBC repository, consider annotating your entities with one of these annotations: org.springframework.data.relational.core.mapping.Table.
[2023-11-20 17:33:12:109935] INFO  77824 --- [  restartedMain] .RepositoryConfigurationExtensionSupport : Spring Data JDBC - Could not safely identify store assignment for repository candidate interface org.fastcampus.proejct.board.db.repository.BoardRepository; If you want this repository to be a JDBC repository, consider annotating your entities with one of these annotations: org.springframework.data.relational.core.mapping.Table.
[2023-11-20 17:33:12:109935] INFO  77824 --- [  restartedMain] .RepositoryConfigurationExtensionSupport : Spring Data JDBC - Could not safely identify store assignment for repository candidate interface org.fastcampus.proejct.board.db.repository.TaskRepository; If you want this repository to be a JDBC repository, consider annotating your entities with one of these annotations: org.springframework.data.relational.core.mapping.Table.
[2023-11-20 17:33:12:109935] INFO  77824 --- [  restartedMain] .RepositoryConfigurationExtensionSupport : Spring Data JDBC - Could not safely identify store assignment for repository candidate interface org.fastcampus.proejct.follow.db.repository.FollowRepository; If you want this repository to be a JDBC repository, consider annotating your entities with one of these annotations: org.springframework.data.relational.core.mapping.Table.
[2023-11-20 17:33:12:109936] INFO  77824 --- [  restartedMain] .RepositoryConfigurationExtensionSupport : Spring Data JDBC - Could not safely identify store assignment for repository candidate interface org.fastcampus.proejct.notification.db.repository.NotificationRepository; If you want this repository to be a JDBC repository, consider annotating your entities with one of these annotations: org.springframework.data.relational.core.mapping.Table.
[2023-11-20 17:33:12:109936] INFO  77824 --- [  restartedMain] .RepositoryConfigurationExtensionSupport : Spring Data JDBC - Could not safely identify store assignment for repository candidate interface org.fastcampus.proejct.user.db.repository.UserInfoRepository; If you want this repository to be a JDBC repository, consider annotating your entities with one of these annotations: org.springframework.data.relational.core.mapping.Table.
[2023-11-20 17:33:12:109936] INFO  77824 --- [  restartedMain] .s.d.r.c.RepositoryConfigurationDelegate : Finished Spring Data repository scanning in 6 ms. Found 0 JDBC repository interfaces.
[2023-11-20 17:33:12:109938] INFO  77824 --- [  restartedMain] .s.d.r.c.RepositoryConfigurationDelegate : Multiple Spring Data modules found, entering strict repository configuration mode
[2023-11-20 17:33:12:109938] INFO  77824 --- [  restartedMain] .s.d.r.c.RepositoryConfigurationDelegate : Bootstrapping Spring Data JPA repositories in DEFAULT mode.
[2023-11-20 17:33:12:109946] INFO  77824 --- [  restartedMain] .s.d.r.c.RepositoryConfigurationDelegate : Finished Spring Data repository scanning in 8 ms. Found 6 JPA repository interfaces.
[2023-11-20 17:33:12:109949] INFO  77824 --- [  restartedMain] .s.d.r.c.RepositoryConfigurationDelegate : Multiple Spring Data modules found, entering strict repository configuration mode
[2023-11-20 17:33:12:109949] INFO  77824 --- [  restartedMain] .s.d.r.c.RepositoryConfigurationDelegate : Bootstrapping Spring Data Redis repositories in DEFAULT mode.
[2023-11-20 17:33:12:109952] INFO  77824 --- [  restartedMain] .RepositoryConfigurationExtensionSupport : Spring Data Redis - Could not safely identify store assignment for repository candidate interface org.fastcampus.proejct.admin.db.repository.adminRepository; If you want this repository to be a Redis repository, consider annotating your entities with one of these annotations: org.springframework.data.redis.core.RedisHash (preferred), or consider extending one of the following types with your repository: org.springframework.data.keyvalue.repository.KeyValueRepository
[2023-11-20 17:33:12:109952] INFO  77824 --- [  restartedMain] .RepositoryConfigurationExtensionSupport : Spring Data Redis - Could not safely identify store assignment for repository candidate interface org.fastcampus.proejct.board.db.repository.BoardRepository; If you want this repository to be a Redis repository, consider annotating your entities with one of these annotations: org.springframework.data.redis.core.RedisHash (preferred), or consider extending one of the following types with your repository: org.springframework.data.keyvalue.repository.KeyValueRepository
[2023-11-20 17:33:12:109952] INFO  77824 --- [  restartedMain] .RepositoryConfigurationExtensionSupport : Spring Data Redis - Could not safely identify store assignment for repository candidate interface org.fastcampus.proejct.board.db.repository.TaskRepository; If you want this repository to be a Redis repository, consider annotating your entities with one of these annotations: org.springframework.data.redis.core.RedisHash (preferred), or consider extending one of the following types with your repository: org.springframework.data.keyvalue.repository.KeyValueRepository
[2023-11-20 17:33:12:109952] INFO  77824 --- [  restartedMain] .RepositoryConfigurationExtensionSupport : Spring Data Redis - Could not safely identify store assignment for repository candidate interface org.fastcampus.proejct.follow.db.repository.FollowRepository; If you want this repository to be a Redis repository, consider annotating your entities with one of these annotations: org.springframework.data.redis.core.RedisHash (preferred), or consider extending one of the following types with your repository: org.springframework.data.keyvalue.repository.KeyValueRepository
[2023-11-20 17:33:12:109952] INFO  77824 --- [  restartedMain] .RepositoryConfigurationExtensionSupport : Spring Data Redis - Could not safely identify store assignment for repository candidate interface org.fastcampus.proejct.notification.db.repository.NotificationRepository; If you want this repository to be a Redis repository, consider annotating your entities with one of these annotations: org.springframework.data.redis.core.RedisHash (preferred), or consider extending one of the following types with your repository: org.springframework.data.keyvalue.repository.KeyValueRepository
[2023-11-20 17:33:12:109952] INFO  77824 --- [  restartedMain] .RepositoryConfigurationExtensionSupport : Spring Data Redis - Could not safely identify store assignment for repository candidate interface org.fastcampus.proejct.user.db.repository.UserInfoRepository; If you want this repository to be a Redis repository, consider annotating your entities with one of these annotations: org.springframework.data.redis.core.RedisHash (preferred), or consider extending one of the following types with your repository: org.springframework.data.keyvalue.repository.KeyValueRepository
[2023-11-20 17:33:12:109952] INFO  77824 --- [  restartedMain] .s.d.r.c.RepositoryConfigurationDelegate : Finished Spring Data repository scanning in 2 ms. Found 0 Redis repository interfaces.
[2023-11-20 17:33:12:110036] INFO  77824 --- [  restartedMain] o.s.b.w.e.tomcat.TomcatWebServer         : Tomcat initialized with port(s): 8085 (http)
[2023-11-20 17:33:12:110036] INFO  77824 --- [  restartedMain] o.a.catalina.core.StandardService        : Starting service [Tomcat]
[2023-11-20 17:33:12:110036] INFO  77824 --- [  restartedMain] o.a.catalina.core.StandardEngine         : Starting Servlet engine: [Apache Tomcat/10.1.15]
[2023-11-20 17:33:12:110043] INFO  77824 --- [  restartedMain] o.a.c.c.C.[Tomcat].[localhost].[/]       : Initializing Spring embedded WebApplicationContext
[2023-11-20 17:33:12:110043] INFO  77824 --- [  restartedMain] w.s.c.ServletWebServerApplicationContext : Root WebApplicationContext: initialization completed in 304 ms
[2023-11-20 17:33:12:110048] INFO  77824 --- [  restartedMain] com.zaxxer.hikari.HikariDataSource       : HikariPool-2 - Starting...
[2023-11-20 17:33:12:110134] INFO  77824 --- [  restartedMain] com.zaxxer.hikari.pool.HikariPool        : HikariPool-2 - Added connection com.mysql.cj.jdbc.ConnectionImpl@13b41fe3
[2023-11-20 17:33:12:110135] INFO  77824 --- [  restartedMain] com.zaxxer.hikari.HikariDataSource       : HikariPool-2 - Start completed.
[2023-11-20 17:33:12:110135] INFO  77824 --- [  restartedMain] o.s.b.a.h.H2ConsoleAutoConfiguration     : H2 console available at '/h2-console'. Database available at 'jdbc:mysql://54.180.69.94/test_test'
[2023-11-20 17:33:12:110157] INFO  77824 --- [  restartedMain] o.h.jpa.internal.util.LogHelper          : HHH000204: Processing PersistenceUnitInfo [name: default]
[2023-11-20 17:33:12:110170] INFO  77824 --- [  restartedMain] SQL dialect                              : HHH000400: Using dialect: org.hibernate.dialect.MySQLDialect
[2023-11-20 17:33:12:110392] INFO  77824 --- [  restartedMain] o.h.e.t.j.p.i.JtaPlatformInitiator       : HHH000490: Using JtaPlatform implementation: [org.hibernate.engine.transaction.jta.platform.internal.NoJtaPlatform]
[2023-11-20 17:33:12:110392] INFO  77824 --- [  restartedMain] j.LocalContainerEntityManagerFactoryBean : Initialized JPA EntityManagerFactory for persistence unit 'default'
[2023-11-20 17:33:12:110549] INFO  77824 --- [  restartedMain] o.s.s.web.DefaultSecurityFilterChain     : Will secure any request with [org.springframework.security.web.session.DisableEncodeUrlFilter@711c93e1, org.springframework.security.web.context.request.async.WebAsyncManagerIntegrationFilter@11f88890, org.springframework.security.web.context.SecurityContextHolderFilter@f6a524, org.springframework.security.web.header.HeaderWriterFilter@13a1cfac, org.springframework.security.web.authentication.logout.LogoutFilter@7cb2dd38, org.springframework.security.oauth2.client.web.OAuth2AuthorizationRequestRedirectFilter@5a7b59ff, org.springframework.security.oauth2.client.web.OAuth2LoginAuthenticationFilter@54738fd7, org.springframework.security.web.authentication.UsernamePasswordAuthenticationFilter@304a19d3, org.springframework.security.web.authentication.ui.DefaultLoginPageGeneratingFilter@491e9a31, org.springframework.security.web.authentication.ui.DefaultLogoutPageGeneratingFilter@11cc8ff1, org.springframework.security.web.savedrequest.RequestCacheAwareFilter@602c0d48, org.springframework.security.web.servletapi.SecurityContextHolderAwareRequestFilter@54dff3a9, org.springframework.security.web.authentication.AnonymousAuthenticationFilter@5909b728, org.springframework.security.web.access.ExceptionTranslationFilter@7da92dc1, org.springframework.security.web.access.intercept.AuthorizationFilter@6a29fc64]
[2023-11-20 17:33:12:110569] INFO  77824 --- [  restartedMain] o.s.b.a.w.s.WelcomePageHandlerMapping    : Adding welcome page template: index
[2023-11-20 17:33:12:110660] INFO  77824 --- [  restartedMain] o.s.b.d.a.OptionalLiveReloadServer       : LiveReload server is running on port 35729
[2023-11-20 17:33:12:110668] INFO  77824 --- [  restartedMain] o.s.b.w.e.tomcat.TomcatWebServer         : Tomcat started on port(s): 8085 (http) with context path ''
[2023-11-20 17:33:12:110671] INFO  77824 --- [  restartedMain] o.f.proejct.ProejctApplication           : Started ProejctApplication in 0.951 seconds (process running for 110.891)
[2023-11-20 17:33:12:110672] INFO  77824 --- [  restartedMain] .ConditionEvaluationDeltaLoggingListener : Condition evaluation unchanged
[2023-11-20 17:33:13:110890] INFO  77824 --- [nio-8085-exec-1] o.a.c.c.C.[Tomcat].[localhost].[/]       : Initializing Spring DispatcherServlet 'dispatcherServlet'
[2023-11-20 17:33:13:110890] INFO  77824 --- [nio-8085-exec-1] o.s.web.servlet.DispatcherServlet        : Initializing Servlet 'dispatcherServlet'
[2023-11-20 17:33:13:110892] INFO  77824 --- [nio-8085-exec-1] o.s.web.servlet.DispatcherServlet        : Completed initialization in 2 ms
[2023-11-20 17:33:13:110897] INFO  77824 --- [nio-8085-exec-1] o.f.p.b.controller.BoardController       : info message
[2023-11-20 17:33:13:110898] WARN  77824 --- [nio-8085-exec-1] o.f.p.b.controller.BoardController       : warn message
[2023-11-20 17:33:13:110898] ERROR 77824 --- [nio-8085-exec-1] o.f.p.b.controller.BoardController       : error message
[2023-11-20 17:33:13:110915] INFO  77824 --- [nio-8085-exec-1] o.f.p.board.service.BoardService         : board service sorted : SORT_DEFAULT
[2023-11-20 17:33:13:111002] INFO  77824 --- [nio-8085-exec-1] o.f.p.n.d.r.EmitterRepository            : Saved SseEmitter for 2
[2023-11-20 17:33:13:111093] INFO  77824 --- [nio-8085-exec-1] o.f.p.b.controller.BoardController       : getBoardsView - reading board list...
[2023-11-20 17:33:13:111125] WARN  77824 --- [nio-8085-exec-1] actStandardFragmentInsertionTagProcessor : [THYMELEAF][http-nio-8085-exec-1][tables] Deprecated unwrapped fragment expression "header :: includedContent" found in template tables, line 4, col 11. Please use the complete syntax of fragment expressions instead ("~{header :: includedContent}"). The old, unwrapped syntax for fragment expressions will be removed in future versions of Thymeleaf.
[2023-11-20 17:33:13:111128] WARN  77824 --- [nio-8085-exec-1] actStandardFragmentInsertionTagProcessor : [THYMELEAF][http-nio-8085-exec-1][tables] Deprecated unwrapped fragment expression "left :: includedContent" found in template tables, line 13, col 14. Please use the complete syntax of fragment expressions instead ("~{left :: includedContent}"). The old, unwrapped syntax for fragment expressions will be removed in future versions of Thymeleaf.
[2023-11-20 17:33:13:111131] WARN  77824 --- [nio-8085-exec-1] actStandardFragmentInsertionTagProcessor : [THYMELEAF][http-nio-8085-exec-1][tables] Deprecated unwrapped fragment expression "top :: includedContent" found in template tables, line 21, col 18. Please use the complete syntax of fragment expressions instead ("~{top :: includedContent}"). The old, unwrapped syntax for fragment expressions will be removed in future versions of Thymeleaf.
[2023-11-20 17:33:13:111177] INFO  77824 --- [nio-8085-exec-3] o.f.p.b.controller.BoardController       : info message
[2023-11-20 17:33:13:111177] WARN  77824 --- [nio-8085-exec-3] o.f.p.b.controller.BoardController       : warn message
[2023-11-20 17:33:13:111177] ERROR 77824 --- [nio-8085-exec-3] o.f.p.b.controller.BoardController       : error message
[2023-11-20 17:33:13:111195] INFO  77824 --- [nio-8085-exec-3] o.f.p.board.service.BoardService         : board service sorted : SORT_DEFAULT
[2023-11-20 17:33:13:111266] INFO  77824 --- [nio-8085-exec-7] o.f.p.n.d.r.EmitterRepository            : Saved SseEmitter for 2
[2023-11-20 17:33:13:111283] INFO  77824 --- [nio-8085-exec-3] o.f.p.n.d.r.EmitterRepository            : Saved SseEmitter for 2
[2023-11-20 17:33:13:111348] INFO  77824 --- [nio-8085-exec-3] o.f.p.b.controller.BoardController       : getBoardsView - reading board list...
[2023-11-20 17:33:13:111349] WARN  77824 --- [nio-8085-exec-3] actStandardFragmentInsertionTagProcessor : [THYMELEAF][http-nio-8085-exec-3][tables] Deprecated unwrapped fragment expression "header :: includedContent" found in template tables, line 4, col 11. Please use the complete syntax of fragment expressions instead ("~{header :: includedContent}"). The old, unwrapped syntax for fragment expressions will be removed in future versions of Thymeleaf.
[2023-11-20 17:33:13:111350] WARN  77824 --- [nio-8085-exec-3] actStandardFragmentInsertionTagProcessor : [THYMELEAF][http-nio-8085-exec-3][tables] Deprecated unwrapped fragment expression "left :: includedContent" found in template tables, line 13, col 14. Please use the complete syntax of fragment expressions instead ("~{left :: includedContent}"). The old, unwrapped syntax for fragment expressions will be removed in future versions of Thymeleaf.
[2023-11-20 17:33:13:111350] WARN  77824 --- [nio-8085-exec-3] actStandardFragmentInsertionTagProcessor : [THYMELEAF][http-nio-8085-exec-3][tables] Deprecated unwrapped fragment expression "top :: includedContent" found in template tables, line 21, col 18. Please use the complete syntax of fragment expressions instead ("~{top :: includedContent}"). The old, unwrapped syntax for fragment expressions will be removed in future versions of Thymeleaf.
[2023-11-20 17:33:13:111393] INFO  77824 --- [nio-8085-exec-4] o.f.p.n.d.r.EmitterRepository            : Saved SseEmitter for 2
[2023-11-20 17:33:13:111450] INFO  77824 --- [nio-8085-exec-6] o.f.p.b.controller.BoardController       : info message
[2023-11-20 17:33:13:111450] WARN  77824 --- [nio-8085-exec-6] o.f.p.b.controller.BoardController       : warn message
[2023-11-20 17:33:13:111450] ERROR 77824 --- [nio-8085-exec-6] o.f.p.b.controller.BoardController       : error message
[2023-11-20 17:33:13:111466] INFO  77824 --- [nio-8085-exec-6] o.f.p.board.service.BoardService         : board service sorted : SORT_DEFAULT
[2023-11-20 17:33:13:111549] INFO  77824 --- [nio-8085-exec-6] o.f.p.n.d.r.EmitterRepository            : Saved SseEmitter for 2
[2023-11-20 17:33:13:111617] INFO  77824 --- [nio-8085-exec-6] o.f.p.b.controller.BoardController       : getBoardsView - reading board list...
[2023-11-20 17:33:13:111618] WARN  77824 --- [nio-8085-exec-6] actStandardFragmentInsertionTagProcessor : [THYMELEAF][http-nio-8085-exec-6][tables] Deprecated unwrapped fragment expression "header :: includedContent" found in template tables, line 4, col 11. Please use the complete syntax of fragment expressions instead ("~{header :: includedContent}"). The old, unwrapped syntax for fragment expressions will be removed in future versions of Thymeleaf.
[2023-11-20 17:33:13:111620] WARN  77824 --- [nio-8085-exec-6] actStandardFragmentInsertionTagProcessor : [THYMELEAF][http-nio-8085-exec-6][tables] Deprecated unwrapped fragment expression "left :: includedContent" found in template tables, line 13, col 14. Please use the complete syntax of fragment expressions instead ("~{left :: includedContent}"). The old, unwrapped syntax for fragment expressions will be removed in future versions of Thymeleaf.
[2023-11-20 17:33:13:111622] WARN  77824 --- [nio-8085-exec-6] actStandardFragmentInsertionTagProcessor : [THYMELEAF][http-nio-8085-exec-6][tables] Deprecated unwrapped fragment expression "top :: includedContent" found in template tables, line 21, col 18. Please use the complete syntax of fragment expressions instead ("~{top :: includedContent}"). The old, unwrapped syntax for fragment expressions will be removed in future versions of Thymeleaf.
[2023-11-20 17:33:13:111673] INFO  77824 --- [nio-8085-exec-2] o.f.p.n.d.r.EmitterRepository            : Saved SseEmitter for 2
[2023-11-20 17:34:22:180438] INFO  77824 --- [   File Watcher] rtingClassPathChangeChangedEventListener : Restarting due to 3745 class path changes (0 additions, 0 deletions, 3745 modifications)
[2023-11-20 17:34:22:180442] INFO  77824 --- [       Thread-7] o.a.catalina.core.StandardService        : Stopping service [Tomcat]
[2023-11-20 17:34:24:182490] INFO  77824 --- [       Thread-7] o.a.c.c.C.[Tomcat].[localhost].[/]       : Destroying Spring FrameworkServlet 'dispatcherServlet'
[2023-11-20 17:34:24:182502] INFO  77824 --- [       Thread-7] j.LocalContainerEntityManagerFactoryBean : Closing JPA EntityManagerFactory for persistence unit 'default'
[2023-11-20 17:34:24:182503] INFO  77824 --- [       Thread-7] com.zaxxer.hikari.HikariDataSource       : HikariPool-2 - Shutdown initiated...
[2023-11-20 17:34:24:182590] INFO  77824 --- [       Thread-7] com.zaxxer.hikari.HikariDataSource       : HikariPool-2 - Shutdown completed.
[2023-11-20 17:34:24:182641] INFO  77824 --- [  restartedMain] o.s.b.d.r.RestartApplicationListener     : Restart enabled irrespective of application packaging due to System property 'spring.devtools.restart.enabled' being set to true
[2023-11-20 17:34:24:182662] INFO  77824 --- [  restartedMain] o.f.proejct.ProejctApplication           : Starting ProejctApplication using Java 17.0.6 with PID 77824 (/Users/chan/Desktop/Kernel360/E2E1-TaskTracker/build/classes/java/main started by chan in /Users/chan/Desktop/Kernel360/E2E1-TaskTracker)
[2023-11-20 17:34:24:182662] INFO  77824 --- [  restartedMain] o.f.proejct.ProejctApplication           : No active profile set, falling back to 1 default profile: "default"
[2023-11-20 17:34:25:182782] INFO  77824 --- [  restartedMain] .s.d.r.c.RepositoryConfigurationDelegate : Multiple Spring Data modules found, entering strict repository configuration mode
[2023-11-20 17:34:25:182782] INFO  77824 --- [  restartedMain] .s.d.r.c.RepositoryConfigurationDelegate : Bootstrapping Spring Data JDBC repositories in DEFAULT mode.
[2023-11-20 17:34:25:182787] INFO  77824 --- [  restartedMain] .RepositoryConfigurationExtensionSupport : Spring Data JDBC - Could not safely identify store assignment for repository candidate interface org.fastcampus.proejct.admin.db.repository.adminRepository; If you want this repository to be a JDBC repository, consider annotating your entities with one of these annotations: org.springframework.data.relational.core.mapping.Table.
[2023-11-20 17:34:25:182787] INFO  77824 --- [  restartedMain] .RepositoryConfigurationExtensionSupport : Spring Data JDBC - Could not safely identify store assignment for repository candidate interface org.fastcampus.proejct.board.db.repository.BoardRepository; If you want this repository to be a JDBC repository, consider annotating your entities with one of these annotations: org.springframework.data.relational.core.mapping.Table.
[2023-11-20 17:34:25:182788] INFO  77824 --- [  restartedMain] .RepositoryConfigurationExtensionSupport : Spring Data JDBC - Could not safely identify store assignment for repository candidate interface org.fastcampus.proejct.board.db.repository.TaskRepository; If you want this repository to be a JDBC repository, consider annotating your entities with one of these annotations: org.springframework.data.relational.core.mapping.Table.
[2023-11-20 17:34:25:182788] INFO  77824 --- [  restartedMain] .RepositoryConfigurationExtensionSupport : Spring Data JDBC - Could not safely identify store assignment for repository candidate interface org.fastcampus.proejct.follow.db.repository.FollowRepository; If you want this repository to be a JDBC repository, consider annotating your entities with one of these annotations: org.springframework.data.relational.core.mapping.Table.
[2023-11-20 17:34:25:182788] INFO  77824 --- [  restartedMain] .RepositoryConfigurationExtensionSupport : Spring Data JDBC - Could not safely identify store assignment for repository candidate interface org.fastcampus.proejct.notification.db.repository.NotificationRepository; If you want this repository to be a JDBC repository, consider annotating your entities with one of these annotations: org.springframework.data.relational.core.mapping.Table.
[2023-11-20 17:34:25:182788] INFO  77824 --- [  restartedMain] .RepositoryConfigurationExtensionSupport : Spring Data JDBC - Could not safely identify store assignment for repository candidate interface org.fastcampus.proejct.user.db.repository.UserInfoRepository; If you want this repository to be a JDBC repository, consider annotating your entities with one of these annotations: org.springframework.data.relational.core.mapping.Table.
[2023-11-20 17:34:25:182788] INFO  77824 --- [  restartedMain] .s.d.r.c.RepositoryConfigurationDelegate : Finished Spring Data repository scanning in 6 ms. Found 0 JDBC repository interfaces.
[2023-11-20 17:34:25:182790] INFO  77824 --- [  restartedMain] .s.d.r.c.RepositoryConfigurationDelegate : Multiple Spring Data modules found, entering strict repository configuration mode
[2023-11-20 17:34:25:182791] INFO  77824 --- [  restartedMain] .s.d.r.c.RepositoryConfigurationDelegate : Bootstrapping Spring Data JPA repositories in DEFAULT mode.
[2023-11-20 17:34:25:182800] INFO  77824 --- [  restartedMain] .s.d.r.c.RepositoryConfigurationDelegate : Finished Spring Data repository scanning in 9 ms. Found 6 JPA repository interfaces.
[2023-11-20 17:34:25:182802] INFO  77824 --- [  restartedMain] .s.d.r.c.RepositoryConfigurationDelegate : Multiple Spring Data modules found, entering strict repository configuration mode
[2023-11-20 17:34:25:182802] INFO  77824 --- [  restartedMain] .s.d.r.c.RepositoryConfigurationDelegate : Bootstrapping Spring Data Redis repositories in DEFAULT mode.
[2023-11-20 17:34:25:182804] INFO  77824 --- [  restartedMain] .RepositoryConfigurationExtensionSupport : Spring Data Redis - Could not safely identify store assignment for repository candidate interface org.fastcampus.proejct.admin.db.repository.adminRepository; If you want this repository to be a Redis repository, consider annotating your entities with one of these annotations: org.springframework.data.redis.core.RedisHash (preferred), or consider extending one of the following types with your repository: org.springframework.data.keyvalue.repository.KeyValueRepository
[2023-11-20 17:34:25:182805] INFO  77824 --- [  restartedMain] .RepositoryConfigurationExtensionSupport : Spring Data Redis - Could not safely identify store assignment for repository candidate interface org.fastcampus.proejct.board.db.repository.BoardRepository; If you want this repository to be a Redis repository, consider annotating your entities with one of these annotations: org.springframework.data.redis.core.RedisHash (preferred), or consider extending one of the following types with your repository: org.springframework.data.keyvalue.repository.KeyValueRepository
[2023-11-20 17:34:25:182805] INFO  77824 --- [  restartedMain] .RepositoryConfigurationExtensionSupport : Spring Data Redis - Could not safely identify store assignment for repository candidate interface org.fastcampus.proejct.board.db.repository.TaskRepository; If you want this repository to be a Redis repository, consider annotating your entities with one of these annotations: org.springframework.data.redis.core.RedisHash (preferred), or consider extending one of the following types with your repository: org.springframework.data.keyvalue.repository.KeyValueRepository
[2023-11-20 17:34:25:182805] INFO  77824 --- [  restartedMain] .RepositoryConfigurationExtensionSupport : Spring Data Redis - Could not safely identify store assignment for repository candidate interface org.fastcampus.proejct.follow.db.repository.FollowRepository; If you want this repository to be a Redis repository, consider annotating your entities with one of these annotations: org.springframework.data.redis.core.RedisHash (preferred), or consider extending one of the following types with your repository: org.springframework.data.keyvalue.repository.KeyValueRepository
[2023-11-20 17:34:25:182805] INFO  77824 --- [  restartedMain] .RepositoryConfigurationExtensionSupport : Spring Data Redis - Could not safely identify store assignment for repository candidate interface org.fastcampus.proejct.notification.db.repository.NotificationRepository; If you want this repository to be a Redis repository, consider annotating your entities with one of these annotations: org.springframework.data.redis.core.RedisHash (preferred), or consider extending one of the following types with your repository: org.springframework.data.keyvalue.repository.KeyValueRepository
[2023-11-20 17:34:25:182805] INFO  77824 --- [  restartedMain] .RepositoryConfigurationExtensionSupport : Spring Data Redis - Could not safely identify store assignment for repository candidate interface org.fastcampus.proejct.user.db.repository.UserInfoRepository; If you want this repository to be a Redis repository, consider annotating your entities with one of these annotations: org.springframework.data.redis.core.RedisHash (preferred), or consider extending one of the following types with your repository: org.springframework.data.keyvalue.repository.KeyValueRepository
[2023-11-20 17:34:25:182805] INFO  77824 --- [  restartedMain] .s.d.r.c.RepositoryConfigurationDelegate : Finished Spring Data repository scanning in 2 ms. Found 0 Redis repository interfaces.
[2023-11-20 17:34:25:182864] INFO  77824 --- [  restartedMain] o.s.b.w.e.tomcat.TomcatWebServer         : Tomcat initialized with port(s): 8085 (http)
[2023-11-20 17:34:25:182864] INFO  77824 --- [  restartedMain] o.a.catalina.core.StandardService        : Starting service [Tomcat]
[2023-11-20 17:34:25:182864] INFO  77824 --- [  restartedMain] o.a.catalina.core.StandardEngine         : Starting Servlet engine: [Apache Tomcat/10.1.15]
[2023-11-20 17:34:25:182870] INFO  77824 --- [  restartedMain] o.a.c.c.C.[Tomcat].[localhost].[/]       : Initializing Spring embedded WebApplicationContext
[2023-11-20 17:34:25:182870] INFO  77824 --- [  restartedMain] w.s.c.ServletWebServerApplicationContext : Root WebApplicationContext: initialization completed in 207 ms
[2023-11-20 17:34:25:182876] INFO  77824 --- [  restartedMain] com.zaxxer.hikari.HikariDataSource       : HikariPool-3 - Starting...
[2023-11-20 17:34:25:182967] INFO  77824 --- [  restartedMain] com.zaxxer.hikari.pool.HikariPool        : HikariPool-3 - Added connection com.mysql.cj.jdbc.ConnectionImpl@1fb37157
[2023-11-20 17:34:25:182967] INFO  77824 --- [  restartedMain] com.zaxxer.hikari.HikariDataSource       : HikariPool-3 - Start completed.
[2023-11-20 17:34:25:182967] INFO  77824 --- [  restartedMain] o.s.b.a.h.H2ConsoleAutoConfiguration     : H2 console available at '/h2-console'. Database available at 'jdbc:mysql://54.180.69.94/test_test'
[2023-11-20 17:34:25:182991] INFO  77824 --- [  restartedMain] o.h.jpa.internal.util.LogHelper          : HHH000204: Processing PersistenceUnitInfo [name: default]
[2023-11-20 17:34:25:183006] INFO  77824 --- [  restartedMain] SQL dialect                              : HHH000400: Using dialect: org.hibernate.dialect.MySQLDialect
[2023-11-20 17:34:25:183235] INFO  77824 --- [  restartedMain] o.h.e.t.j.p.i.JtaPlatformInitiator       : HHH000490: Using JtaPlatform implementation: [org.hibernate.engine.transaction.jta.platform.internal.NoJtaPlatform]
[2023-11-20 17:34:25:183235] INFO  77824 --- [  restartedMain] j.LocalContainerEntityManagerFactoryBean : Initialized JPA EntityManagerFactory for persistence unit 'default'
[2023-11-20 17:34:25:183393] INFO  77824 --- [  restartedMain] o.s.s.web.DefaultSecurityFilterChain     : Will secure any request with [org.springframework.security.web.session.DisableEncodeUrlFilter@680999cd, org.springframework.security.web.context.request.async.WebAsyncManagerIntegrationFilter@4bbde262, org.springframework.security.web.context.SecurityContextHolderFilter@9e5a5fe, org.springframework.security.web.header.HeaderWriterFilter@2ac74bf0, org.springframework.security.web.authentication.logout.LogoutFilter@4af82a49, org.springframework.security.oauth2.client.web.OAuth2AuthorizationRequestRedirectFilter@447c488f, org.springframework.security.oauth2.client.web.OAuth2LoginAuthenticationFilter@6ee480ea, org.springframework.security.web.authentication.UsernamePasswordAuthenticationFilter@4f5d994f, org.springframework.security.web.authentication.ui.DefaultLoginPageGeneratingFilter@3857fca4, org.springframework.security.web.authentication.ui.DefaultLogoutPageGeneratingFilter@6d23e3aa, org.springframework.security.web.savedrequest.RequestCacheAwareFilter@4c034281, org.springframework.security.web.servletapi.SecurityContextHolderAwareRequestFilter@285fba94, org.springframework.security.web.authentication.AnonymousAuthenticationFilter@278acd34, org.springframework.security.web.access.ExceptionTranslationFilter@71f2b94c, org.springframework.security.web.access.intercept.AuthorizationFilter@1813df04]
[2023-11-20 17:34:25:183411] INFO  77824 --- [  restartedMain] o.s.b.a.w.s.WelcomePageHandlerMapping    : Adding welcome page template: index
[2023-11-20 17:34:25:183485] INFO  77824 --- [  restartedMain] o.s.b.d.a.OptionalLiveReloadServer       : LiveReload server is running on port 35729
[2023-11-20 17:34:25:183493] INFO  77824 --- [  restartedMain] o.s.b.w.e.tomcat.TomcatWebServer         : Tomcat started on port(s): 8085 (http) with context path ''
[2023-11-20 17:34:25:183496] INFO  77824 --- [  restartedMain] o.f.proejct.ProejctApplication           : Started ProejctApplication in 0.855 seconds (process running for 183.718)
[2023-11-20 17:34:25:183496] INFO  77824 --- [  restartedMain] .ConditionEvaluationDeltaLoggingListener : Condition evaluation unchanged
[2023-11-20 17:34:27:185499] INFO  77824 --- [nio-8085-exec-1] o.a.c.c.C.[Tomcat].[localhost].[/]       : Initializing Spring DispatcherServlet 'dispatcherServlet'
[2023-11-20 17:34:27:185499] INFO  77824 --- [nio-8085-exec-1] o.s.web.servlet.DispatcherServlet        : Initializing Servlet 'dispatcherServlet'
[2023-11-20 17:34:27:185500] INFO  77824 --- [nio-8085-exec-1] o.s.web.servlet.DispatcherServlet        : Completed initialization in 1 ms
[2023-11-20 17:34:27:185517] INFO  77824 --- [nio-8085-exec-1] o.f.p.n.d.r.EmitterRepository            : Saved SseEmitter for 2
[2023-11-20 17:34:29:187125] INFO  77824 --- [nio-8085-exec-2] o.f.p.b.controller.BoardController       : info message
[2023-11-20 17:34:29:187125] WARN  77824 --- [nio-8085-exec-2] o.f.p.b.controller.BoardController       : warn message
[2023-11-20 17:34:29:187125] ERROR 77824 --- [nio-8085-exec-2] o.f.p.b.controller.BoardController       : error message
[2023-11-20 17:34:29:187152] INFO  77824 --- [nio-8085-exec-2] o.f.p.board.service.BoardService         : board service sorted : SORT_DEFAULT
[2023-11-20 17:34:29:187258] INFO  77824 --- [nio-8085-exec-2] o.f.p.n.d.r.EmitterRepository            : Saved SseEmitter for 2
[2023-11-20 17:34:29:187337] INFO  77824 --- [nio-8085-exec-2] o.f.p.b.controller.BoardController       : getBoardsView - reading board list...
[2023-11-20 17:34:29:187362] WARN  77824 --- [nio-8085-exec-2] actStandardFragmentInsertionTagProcessor : [THYMELEAF][http-nio-8085-exec-2][tables] Deprecated unwrapped fragment expression "header :: includedContent" found in template tables, line 4, col 11. Please use the complete syntax of fragment expressions instead ("~{header :: includedContent}"). The old, unwrapped syntax for fragment expressions will be removed in future versions of Thymeleaf.
[2023-11-20 17:34:29:187364] WARN  77824 --- [nio-8085-exec-2] actStandardFragmentInsertionTagProcessor : [THYMELEAF][http-nio-8085-exec-2][tables] Deprecated unwrapped fragment expression "left :: includedContent" found in template tables, line 13, col 14. Please use the complete syntax of fragment expressions instead ("~{left :: includedContent}"). The old, unwrapped syntax for fragment expressions will be removed in future versions of Thymeleaf.
[2023-11-20 17:34:29:187365] WARN  77824 --- [nio-8085-exec-2] actStandardFragmentInsertionTagProcessor : [THYMELEAF][http-nio-8085-exec-2][tables] Deprecated unwrapped fragment expression "top :: includedContent" found in template tables, line 21, col 18. Please use the complete syntax of fragment expressions instead ("~{top :: includedContent}"). The old, unwrapped syntax for fragment expressions will be removed in future versions of Thymeleaf.
[2023-11-20 17:34:29:187424] INFO  77824 --- [nio-8085-exec-7] o.f.p.n.d.r.EmitterRepository            : Saved SseEmitter for 2
